<?xml version="1.0" encoding="UTF-8"?>
<testsuite name="Pentathlon.ControllerTest" tests="1" skipped="0" failures="0" errors="0" timestamp="2019-05-13T18:40:13" hostname="Markus-PC" time="0.086">
  <properties/>
  <testcase name="contexLoads" classname="Pentathlon.ControllerTest" time="0.086"/>
  <system-out><![CDATA[2019-05-13 21:40:06.562  INFO 5112 --- [    Test worker] .b.t.c.SpringBootTestContextBootstrapper : Neither @ContextConfiguration nor @ContextHierarchy found for test class [Pentathlon.ControllerTest], using SpringBootContextLoader
2019-05-13 21:40:06.563  INFO 5112 --- [    Test worker] o.s.t.c.support.AbstractContextLoader    : Could not detect default resource locations for test class [Pentathlon.ControllerTest]: no resource found for suffixes {-context.xml, Context.groovy}.
2019-05-13 21:40:06.563  INFO 5112 --- [    Test worker] t.c.s.AnnotationConfigContextLoaderUtils : Could not detect default configuration classes for test class [Pentathlon.ControllerTest]: ControllerTest does not declare any static, non-private, non-final, nested classes annotated with @Configuration.
2019-05-13 21:40:06.567  INFO 5112 --- [    Test worker] .b.t.c.SpringBootTestContextBootstrapper : Found @SpringBootConfiguration Pentathlon.Application for test class Pentathlon.ControllerTest
2019-05-13 21:40:06.574  INFO 5112 --- [    Test worker] .b.t.c.SpringBootTestContextBootstrapper : Loaded default TestExecutionListener class names from location [META-INF/spring.factories]: [org.springframework.boot.test.autoconfigure.restdocs.RestDocsTestExecutionListener, org.springframework.boot.test.autoconfigure.web.client.MockRestServiceServerResetTestExecutionListener, org.springframework.boot.test.autoconfigure.web.servlet.MockMvcPrintOnlyOnFailureTestExecutionListener, org.springframework.boot.test.autoconfigure.web.servlet.WebDriverTestExecutionListener, org.springframework.boot.test.mock.mockito.MockitoTestExecutionListener, org.springframework.boot.test.mock.mockito.ResetMocksTestExecutionListener, org.springframework.test.context.web.ServletTestExecutionListener, org.springframework.test.context.support.DirtiesContextBeforeModesTestExecutionListener, org.springframework.test.context.support.DependencyInjectionTestExecutionListener, org.springframework.test.context.support.DirtiesContextTestExecutionListener, org.springframework.test.context.transaction.TransactionalTestExecutionListener, org.springframework.test.context.jdbc.SqlScriptsTestExecutionListener]
2019-05-13 21:40:06.581  INFO 5112 --- [    Test worker] .b.t.c.SpringBootTestContextBootstrapper : Using TestExecutionListeners: [org.springframework.test.context.web.ServletTestExecutionListener@43765b31, org.springframework.test.context.support.DirtiesContextBeforeModesTestExecutionListener@a6e93bc, org.springframework.boot.test.mock.mockito.MockitoTestExecutionListener@51818b6b, org.springframework.boot.test.autoconfigure.SpringBootDependencyInjectionTestExecutionListener@388d347e, org.springframework.test.context.support.DirtiesContextTestExecutionListener@49d34f8d, org.springframework.test.context.transaction.TransactionalTestExecutionListener@37ded678, org.springframework.test.context.jdbc.SqlScriptsTestExecutionListener@6ad9d93b, org.springframework.boot.test.autoconfigure.restdocs.RestDocsTestExecutionListener@3ba62eda, org.springframework.boot.test.autoconfigure.web.client.MockRestServiceServerResetTestExecutionListener@685ab104, org.springframework.boot.test.autoconfigure.web.servlet.MockMvcPrintOnlyOnFailureTestExecutionListener@29f6d761, org.springframework.boot.test.autoconfigure.web.servlet.WebDriverTestExecutionListener@dc2c365, org.springframework.boot.test.mock.mockito.ResetMocksTestExecutionListener@798ecf9]

  .   ____          _            __ _ _
 /\\ / ___'_ __ _ _(_)_ __  __ _ \ \ \ \
( ( )\___ | '_ | '_| | '_ \/ _` | \ \ \ \
 \\/  ___)| |_)| | | | | || (_| |  ) ) ) )
  '  |____| .__|_| |_|_| |_\__, | / / / /
 =========|_|==============|___/=/_/_/_/
 :: Spring Boot ::        (v2.1.4.RELEASE)

2019-05-13 21:40:06.642  INFO 5112 --- [    Test worker] Pentathlon.ControllerTest                : Starting ControllerTest on Markus-PC with PID 5112 (started by Markus in D:\Users\Lenovo\Desktop\programavimas\java\web\Pentathlon)
2019-05-13 21:40:06.643  INFO 5112 --- [    Test worker] Pentathlon.ControllerTest                : No active profile set, falling back to default profiles: default
2019-05-13 21:40:07.381  INFO 5112 --- [    Test worker] .s.d.r.c.RepositoryConfigurationDelegate : Bootstrapping Spring Data repositories in DEFAULT mode.
2019-05-13 21:40:07.498  INFO 5112 --- [    Test worker] .s.d.r.c.RepositoryConfigurationDelegate : Finished Spring Data repository scanning in 101ms. Found 1 repository interfaces.
2019-05-13 21:40:07.937  INFO 5112 --- [    Test worker] trationDelegate$BeanPostProcessorChecker : Bean 'org.springframework.transaction.annotation.ProxyTransactionManagementConfiguration' of type [org.springframework.transaction.annotation.ProxyTransactionManagementConfiguration$$EnhancerBySpringCGLIB$$7250c8d3] is not eligible for getting processed by all BeanPostProcessors (for example: not eligible for auto-proxying)
2019-05-13 21:40:08.264  INFO 5112 --- [    Test worker] com.zaxxer.hikari.HikariDataSource       : HikariPool-1 - Starting...
2019-05-13 21:40:08.744  INFO 5112 --- [    Test worker] com.zaxxer.hikari.HikariDataSource       : HikariPool-1 - Start completed.
2019-05-13 21:40:08.911  INFO 5112 --- [    Test worker] o.hibernate.jpa.internal.util.LogHelper  : HHH000204: Processing PersistenceUnitInfo [
	name: default
	...]
2019-05-13 21:40:09.109  INFO 5112 --- [    Test worker] org.hibernate.Version                    : HHH000412: Hibernate Core {5.3.9.Final}
2019-05-13 21:40:09.112  INFO 5112 --- [    Test worker] org.hibernate.cfg.Environment            : HHH000206: hibernate.properties not found
2019-05-13 21:40:09.206  INFO 5112 --- [    Test worker] o.hibernate.annotations.common.Version   : HCANN000001: Hibernate Commons Annotations {5.0.4.Final}
2019-05-13 21:40:09.488  INFO 5112 --- [    Test worker] org.hibernate.dialect.Dialect            : HHH000400: Using dialect: org.hibernate.dialect.H2Dialect
2019-05-13 21:40:10.393  INFO 5112 --- [    Test worker] o.h.t.schema.internal.SchemaCreatorImpl  : HHH000476: Executing import script 'org.hibernate.tool.schema.internal.exec.ScriptSourceInputNonExistentImpl@33aebebc'
2019-05-13 21:40:10.399  INFO 5112 --- [    Test worker] j.LocalContainerEntityManagerFactoryBean : Initialized JPA EntityManagerFactory for persistence unit 'default'
2019-05-13 21:40:12.148  INFO 5112 --- [    Test worker] o.s.s.concurrent.ThreadPoolTaskExecutor  : Initializing ExecutorService 'applicationTaskExecutor'
2019-05-13 21:40:12.184  WARN 5112 --- [    Test worker] aWebConfiguration$JpaWebMvcConfiguration : spring.jpa.open-in-view is enabled by default. Therefore, database queries may be performed during view rendering. Explicitly configure spring.jpa.open-in-view to disable this warning
2019-05-13 21:40:12.363  WARN 5112 --- [    Test worker] ion$DefaultTemplateResolverConfiguration : Cannot find template location: classpath:/templates/ (please add some templates or check your Thymeleaf configuration)
2019-05-13 21:40:12.436  INFO 5112 --- [    Test worker] o.s.b.a.w.s.WelcomePageHandlerMapping    : Adding welcome page: class path resource [static/index.html]
2019-05-13 21:40:12.923  INFO 5112 --- [    Test worker] Pentathlon.ControllerTest                : Started ControllerTest in 6.332 seconds (JVM running for 13.73)
2019-05-13 21:40:12.985  INFO 5112 --- [    Test worker] o.h.h.i.QueryTranslatorFactoryInitiator  : HHH000397: Using ASTQueryTranslatorFactory
]]></system-out>
  <system-err><![CDATA[]]></system-err>
</testsuite>
